[     637ms] [WARNING] <Layout> was created with unknown prop 'params' @ http://localhost:5173/node_modules/@sveltejs/kit/src/runtime/client/client.js?v=bc24de3d:3322
[     637ms] [WARNING] <Page> was created with unknown prop 'params' @ http://localhost:5173/node_modules/@sveltejs/kit/src/runtime/client/client.js?v=bc24de3d:3322
[     641ms] [WARNING] <HabitList> was created without expected prop 'onAdd' @ http://localhost:5173/node_modules/@sveltejs/kit/src/runtime/client/client.js?v=bc24de3d:3322
[   18887ms] [WARNING] <Layout> was created with unknown prop 'params' @ http://localhost:5173/node_modules/@sveltejs/kit/src/runtime/client/client.js?v=5917aa74:3322
[   18888ms] [WARNING] <Page> was created with unknown prop 'params' @ http://localhost:5173/node_modules/@sveltejs/kit/src/runtime/client/client.js?v=5917aa74:3322
[   18890ms] [WARNING] <HabitList> was created without expected prop 'onAdd' @ http://localhost:5173/node_modules/@sveltejs/kit/src/runtime/client/client.js?v=5917aa74:3322
[  118065ms] [WARNING] <Layout> was created with unknown prop 'params' @ http://localhost:5173/node_modules/@sveltejs/kit/src/runtime/client/client.js?v=5917aa74:3322
[  118065ms] [WARNING] <Page> was created with unknown prop 'params' @ http://localhost:5173/node_modules/@sveltejs/kit/src/runtime/client/client.js?v=5917aa74:3322
[  118067ms] [WARNING] <HabitList> was created without expected prop 'onAdd' @ http://localhost:5173/node_modules/@sveltejs/kit/src/runtime/client/client.js?v=5917aa74:3322
[  816153ms] [WARNING] <Layout> was created with unknown prop 'params' @ http://localhost:5173/node_modules/@sveltejs/kit/src/runtime/client/client.js?v=5917aa74:3322
[  816153ms] [WARNING] <Page> was created with unknown prop 'params' @ http://localhost:5173/node_modules/@sveltejs/kit/src/runtime/client/client.js?v=5917aa74:3322
[  816157ms] [WARNING] <HabitList> was created without expected prop 'onAdd' @ http://localhost:5173/node_modules/@sveltejs/kit/src/runtime/client/client.js?v=5917aa74:3322
[ 1064169ms] [WARNING] <Page> was created with unknown prop 'params' @ http://localhost:5173/node_modules/@sveltejs/kit/src/runtime/client/client.js?v=5917aa74:3322
[ 1204112ms] [WARNING] <Page> was created with unknown prop 'params' @ http://localhost:5173/node_modules/@sveltejs/kit/src/runtime/client/client.js?v=5917aa74:3322
[ 1220918ms] [WARNING] <Page> was created with unknown prop 'params' @ http://localhost:5173/node_modules/@sveltejs/kit/src/runtime/client/client.js?v=5917aa74:3322
[ 1544526ms] [WARNING] <Layout> was created with unknown prop 'params' @ http://localhost:5173/node_modules/@sveltejs/kit/src/runtime/client/client.js?v=5917aa74:3322
[ 1544526ms] [WARNING] <Page> was created with unknown prop 'params' @ http://localhost:5173/node_modules/@sveltejs/kit/src/runtime/client/client.js?v=5917aa74:3322
[ 1727421ms] [WARNING] <Layout> was created with unknown prop 'params' @ http://localhost:5173/node_modules/@sveltejs/kit/src/runtime/client/client.js?v=5917aa74:3322
[ 1727421ms] [WARNING] <Page> was created with unknown prop 'params' @ http://localhost:5173/node_modules/@sveltejs/kit/src/runtime/client/client.js?v=5917aa74:3322
[ 1740364ms] [WARNING] <Layout> was created with unknown prop 'params' @ http://localhost:5173/node_modules/@sveltejs/kit/src/runtime/client/client.js?v=5917aa74:3322
[ 1740364ms] [WARNING] <Page> was created with unknown prop 'params' @ http://localhost:5173/node_modules/@sveltejs/kit/src/runtime/client/client.js?v=5917aa74:3322
[ 3759838ms] [WARNING] <Layout> was created with unknown prop 'params' @ http://localhost:5173/node_modules/@sveltejs/kit/src/runtime/client/client.js?v=5917aa74:3322
[ 3759841ms] [WARNING] <Page> was created with unknown prop 'params' @ http://localhost:5173/node_modules/@sveltejs/kit/src/runtime/client/client.js?v=5917aa74:3322
[ 3773782ms] [WARNING] <Layout> was created with unknown prop 'params' @ http://localhost:5173/node_modules/@sveltejs/kit/src/runtime/client/client.js?v=5917aa74:3322
[ 3773782ms] [WARNING] <Page> was created with unknown prop 'params' @ http://localhost:5173/node_modules/@sveltejs/kit/src/runtime/client/client.js?v=5917aa74:3322
[ 3898185ms] [WARNING] <Page> was created with unknown prop 'params' @ http://localhost:5173/node_modules/@sveltejs/kit/src/runtime/client/client.js?v=5917aa74:3322
[ 4039558ms] ReferenceError: habits is not defined
    at refresh (http://localhost:5173/src/lib/components/WeekSummary.svelte?t=1777542988266:145:23)
    at instance/$$self.$$.update (http://localhost:5173/src/lib/components/WeekSummary.svelte?t=1777542988266:194:41)
    at init (http://localhost:5173/node_modules/.vite/deps/chunk-LBLMGS3B.js?v=5917aa74:2147:6)
    at WeekSummary (http://localhost:5173/src/lib/components/WeekSummary.svelte?t=1777542988266:205:7)
    at createComponent (http://localhost:5173/node_modules/svelte-hmr/runtime/svelte-hooks.js?v=5917aa74:206:20)
    at createProxiedComponent/instrument/targetCmp.$replace (http://localhost:5173/node_modules/svelte-hmr/runtime/svelte-hooks.js?v=5917aa74:269:15)
    at refreshComponent (http://localhost:5173/node_modules/svelte-hmr/runtime/proxy.js?v=5917aa74:171:15)
    at rerender (http://localhost:5173/node_modules/svelte-hmr/runtime/proxy-adapter-dom.js?v=5917aa74:77:21)
    at createProxy/reload/< (http://localhost:5173/node_modules/svelte-hmr/runtime/proxy.js?v=5917aa74:408:9)
    at reload (http://localhost:5173/node_modules/svelte-hmr/runtime/proxy.js?v=5917aa74:406:15)
    at applyHmr/< (http://localhost:5173/node_modules/svelte-hmr/runtime/hot-api.js?v=5917aa74:150:31)
    at accept/< (http://localhost:5173/@vite/client:34:58)
    at fetchUpdate/< (http://localhost:5173/@vite/client:218:11)
    at queueUpdate/< (http://localhost:5173/@vite/client:193:58)
    at queueUpdate (http://localhost:5173/@vite/client:193:36)
    at async*handleMessage/< (http://localhost:5173/@vite/client:642:30)
    at handleMessage (http://localhost:5173/@vite/client:640:25)
    at setupWebSocket/< (http://localhost:5173/@vite/client:550:18)
    at EventListener.handleEvent*setupWebSocket (http://localhost:5173/@vite/client:549:11)
    at  (http://localhost:5173/@vite/client:531:12)
[ 4455532ms] [WARNING] <Page> was created with unknown prop 'params' @ http://localhost:5173/node_modules/@sveltejs/kit/src/runtime/client/client.js?v=5917aa74:3322
[ 4579008ms] [ERROR] Error @ http://localhost:5173/@vite/client:173
[ 4579008ms] [ERROR] [hmr] Failed to reload /src/lib/components/HabitRow.svelte. This could be due to syntax errors or importing non-existent modules. (see errors above) @ http://localhost:5173/@vite/client:175
[ 4607626ms] [ERROR] Error @ http://localhost:5173/@vite/client:173
[ 4607628ms] [ERROR] [hmr] Failed to reload /src/lib/components/HabitRow.svelte. This could be due to syntax errors or importing non-existent modules. (see errors above) @ http://localhost:5173/@vite/client:175
[ 4629957ms] [ERROR] Error @ http://localhost:5173/@vite/client:173
[ 4629958ms] [ERROR] [hmr] Failed to reload /src/lib/components/HabitRow.svelte. This could be due to syntax errors or importing non-existent modules. (see errors above) @ http://localhost:5173/@vite/client:175
[ 4641039ms] [ERROR] Error @ http://localhost:5173/@vite/client:173
[ 4641039ms] [ERROR] [hmr] Failed to reload /src/lib/components/HabitRow.svelte. This could be due to syntax errors or importing non-existent modules. (see errors above) @ http://localhost:5173/@vite/client:175
[ 4996231ms] [WARNING] <Page> was created with unknown prop 'params' @ http://localhost:5173/node_modules/@sveltejs/kit/src/runtime/client/client.js?v=5917aa74:3322
[ 5008038ms] [WARNING] <Layout> was created with unknown prop 'params' @ http://localhost:5173/node_modules/@sveltejs/kit/src/runtime/client/client.js?v=5917aa74:3322
[ 5008039ms] [WARNING] <Page> was created with unknown prop 'params' @ http://localhost:5173/node_modules/@sveltejs/kit/src/runtime/client/client.js?v=5917aa74:3322
[ 5017131ms] [WARNING] [JavaScript Warning: "“localhost” has been classified as a bounce tracker. If it does not receive user activation within the next 3,600 seconds it will have its state purged."] @ :0
