[GET] http://localhost:5173/favicon.png => [404] Not Found
[GET] http://localhost:5173/api/habits => [200] OK
[GET] http://localhost:5173/api/sessions?type=has&habitId=3&date=2026-04-27 => [200] OK
[GET] http://localhost:5173/api/sessions?type=minutes&habitId=2&date=2026-04-27 => [200] OK
[GET] http://localhost:5173/api/sessions?type=minutes&habitId=1&date=2026-04-27 => [200] OK
[GET] http://localhost:5173/api/sessions?type=has&habitId=3&date=2026-04-28 => [200] OK
[GET] http://localhost:5173/api/sessions?type=minutes&habitId=2&date=2026-04-28 => [200] OK
[GET] http://localhost:5173/api/sessions?type=minutes&habitId=1&date=2026-04-28 => [200] OK
[GET] http://localhost:5173/api/sessions?type=has&habitId=3&date=2026-04-29 => [200] OK
[GET] http://localhost:5173/api/sessions?type=minutes&habitId=2&date=2026-04-29 => [200] OK
[GET] http://localhost:5173/api/sessions?type=minutes&habitId=1&date=2026-04-29 => [200] OK
[GET] http://localhost:5173/api/sessions?type=has&habitId=3&date=2026-04-30 => [200] OK
[GET] http://localhost:5173/api/sessions?type=minutes&habitId=2&date=2026-04-30 => [200] OK
[GET] http://localhost:5173/api/sessions?type=minutes&habitId=1&date=2026-04-30 => [200] OK
[GET] http://localhost:5173/api/sessions?type=has&habitId=3&date=2026-05-01 => [200] OK
[GET] http://localhost:5173/api/sessions?type=minutes&habitId=2&date=2026-05-01 => [200] OK
[GET] http://localhost:5173/api/sessions?type=minutes&habitId=1&date=2026-05-01 => [200] OK
[GET] http://localhost:5173/api/sessions?type=has&habitId=3&date=2026-05-02 => [200] OK
[GET] http://localhost:5173/api/sessions?type=minutes&habitId=2&date=2026-05-02 => [200] OK
[GET] http://localhost:5173/api/sessions?type=minutes&habitId=1&date=2026-05-02 => [200] OK
[GET] http://localhost:5173/api/sessions?type=has&habitId=3&date=2026-05-03 => [200] OK
[GET] http://localhost:5173/api/sessions?type=minutes&habitId=2&date=2026-05-03 => [200] OK
[GET] http://localhost:5173/api/sessions?type=minutes&habitId=1&date=2026-05-03 => [200] OK
[GET] http://localhost:5173/favicon.png => [404] Not Found
[POST] http://localhost:5173/api/habits => [200] OK
[GET] http://localhost:5173/api/habits => [200] OK
[GET] http://localhost:5173/api/sessions?type=minutes&habitId=4&date=2026-04-27 => [200] OK
[GET] http://localhost:5173/api/sessions?type=minutes&habitId=4&date=2026-04-28 => [200] OK
[GET] http://localhost:5173/api/sessions?type=minutes&habitId=4&date=2026-04-29 => [200] OK
[GET] http://localhost:5173/api/sessions?type=minutes&habitId=4&date=2026-04-30 => [200] OK
[GET] http://localhost:5173/api/sessions?type=minutes&habitId=4&date=2026-05-01 => [200] OK
[GET] http://localhost:5173/api/sessions?type=minutes&habitId=4&date=2026-05-02 => [200] OK
[GET] http://localhost:5173/api/sessions?type=minutes&habitId=4&date=2026-05-03 => [200] OK
[POST] http://localhost:5173/api/habits => [200] OK
[GET] http://localhost:5173/api/habits => [200] OK
[GET] http://localhost:5173/api/sessions?type=value&habitId=5&date=2026-04-27 => [200] OK
[GET] http://localhost:5173/api/sessions?type=value&habitId=5&date=2026-04-28 => [200] OK
[GET] http://localhost:5173/api/sessions?type=value&habitId=5&date=2026-04-29 => [200] OK
[GET] http://localhost:5173/api/sessions?type=value&habitId=5&date=2026-04-30 => [200] OK
[GET] http://localhost:5173/api/sessions?type=value&habitId=5&date=2026-05-01 => [200] OK
[GET] http://localhost:5173/api/sessions?type=value&habitId=5&date=2026-05-02 => [200] OK
[GET] http://localhost:5173/api/sessions?type=value&habitId=5&date=2026-05-03 => [200] OK
[GET] http://localhost:5173/api/sessions?type=value&habitId=5&date=2026-04-29 => [200] OK
[POST] http://localhost:5173/api/sessions?type=value => [200] OK
[GET] http://localhost:5173/api/sessions?type=value&habitId=5&date=2026-04-27 => [200] OK
[GET] http://localhost:5173/api/sessions?type=value&habitId=5&date=2026-04-28 => [200] OK
[GET] http://localhost:5173/api/sessions?type=value&habitId=5&date=2026-04-29 => [200] OK
[GET] http://localhost:5173/api/sessions?type=value&habitId=5&date=2026-04-30 => [200] OK
[GET] http://localhost:5173/api/sessions?type=value&habitId=5&date=2026-05-01 => [200] OK
[GET] http://localhost:5173/api/sessions?type=value&habitId=5&date=2026-05-02 => [200] OK
[GET] http://localhost:5173/api/sessions?type=value&habitId=5&date=2026-05-03 => [200] OK
[POST] http://localhost:5173/api/sessions => [200] OK
[PUT] http://localhost:5173/api/habits/5 => [200] OK
[GET] http://localhost:5173/api/habits => [200] OK
[GET] http://localhost:5173/favicon.png => [404] Not Found
[GET] http://localhost:5173/api/habits => [200] OK
[GET] http://localhost:5173/api/sessions?type=value&habitId=5&date=2026-04-27 => [200] OK
[GET] http://localhost:5173/api/sessions?type=minutes&habitId=4&date=2026-04-27 => [200] OK
[GET] http://localhost:5173/api/sessions?type=has&habitId=3&date=2026-04-27 => [200] OK
[GET] http://localhost:5173/api/sessions?type=minutes&habitId=2&date=2026-04-27 => [200] OK
[GET] http://localhost:5173/api/sessions?type=minutes&habitId=1&date=2026-04-27 => [200] OK
[GET] http://localhost:5173/api/sessions?type=value&habitId=5&date=2026-04-28 => [200] OK
[GET] http://localhost:5173/api/sessions?type=has&habitId=3&date=2026-04-28 => [200] OK
[GET] http://localhost:5173/api/sessions?type=minutes&habitId=4&date=2026-04-28 => [200] OK
[GET] http://localhost:5173/api/sessions?type=value&habitId=5&date=2026-04-29 => [200] OK
[GET] http://localhost:5173/api/sessions?type=minutes&habitId=2&date=2026-04-28 => [200] OK
[GET] http://localhost:5173/api/sessions?type=minutes&habitId=1&date=2026-04-28 => [200] OK
[GET] http://localhost:5173/api/sessions?type=has&habitId=3&date=2026-04-29 => [200] OK
[GET] http://localhost:5173/api/sessions?type=minutes&habitId=4&date=2026-04-29 => [200] OK
[GET] http://localhost:5173/api/sessions?type=value&habitId=5&date=2026-04-30 => [200] OK
[GET] http://localhost:5173/api/sessions?type=minutes&habitId=1&date=2026-04-29 => [200] OK
[GET] http://localhost:5173/api/sessions?type=minutes&habitId=2&date=2026-04-29 => [200] OK
[GET] http://localhost:5173/api/sessions?type=minutes&habitId=4&date=2026-04-30 => [200] OK
[GET] http://localhost:5173/api/sessions?type=has&habitId=3&date=2026-04-30 => [200] OK
[GET] http://localhost:5173/api/sessions?type=value&habitId=5&date=2026-05-01 => [200] OK
[GET] http://localhost:5173/api/sessions?type=minutes&habitId=1&date=2026-04-30 => [200] OK
[GET] http://localhost:5173/api/sessions?type=minutes&habitId=2&date=2026-04-30 => [200] OK
[GET] http://localhost:5173/api/sessions?type=minutes&habitId=4&date=2026-05-01 => [200] OK
[GET] http://localhost:5173/api/sessions?type=has&habitId=3&date=2026-05-01 => [200] OK
[GET] http://localhost:5173/api/sessions?type=value&habitId=5&date=2026-05-02 => [200] OK
[GET] http://localhost:5173/api/sessions?type=minutes&habitId=1&date=2026-05-01 => [200] OK
[GET] http://localhost:5173/api/sessions?type=minutes&habitId=2&date=2026-05-01 => [200] OK
[GET] http://localhost:5173/api/sessions?type=minutes&habitId=4&date=2026-05-02 => [200] OK
[GET] http://localhost:5173/api/sessions?type=has&habitId=3&date=2026-05-02 => [200] OK
[GET] http://localhost:5173/api/sessions?type=value&habitId=5&date=2026-05-03 => [200] OK
[GET] http://localhost:5173/api/sessions?type=minutes&habitId=1&date=2026-05-02 => [200] OK
[GET] http://localhost:5173/api/sessions?type=minutes&habitId=2&date=2026-05-02 => [200] OK
[GET] http://localhost:5173/api/sessions?type=minutes&habitId=4&date=2026-05-03 => [200] OK
[GET] http://localhost:5173/api/sessions?type=has&habitId=3&date=2026-05-03 => [200] OK
[GET] http://localhost:5173/api/sessions?type=minutes&habitId=1&date=2026-05-03 => [200] OK
[GET] http://localhost:5173/api/sessions?type=minutes&habitId=2&date=2026-05-03 => [200] OK
[GET] http://localhost:5173/favicon.png => [404] Not Found
[GET] http://localhost:5173/favicon.png => [404] Not Found
[GET] http://localhost:5173/api/habits => [200] OK
[GET] http://localhost:5173/api/sessions?type=value&habitId=5&date=2026-04-27 => [200] OK
[GET] http://localhost:5173/api/sessions?type=minutes&habitId=4&date=2026-04-27 => [200] OK
[GET] http://localhost:5173/api/sessions?type=has&habitId=3&date=2026-04-27 => [200] OK
[GET] http://localhost:5173/api/sessions?type=minutes&habitId=2&date=2026-04-27 => [200] OK
[GET] http://localhost:5173/api/sessions?type=minutes&habitId=1&date=2026-04-27 => [200] OK
[GET] http://localhost:5173/api/sessions?type=value&habitId=5&date=2026-04-28 => [200] OK
[GET] http://localhost:5173/api/sessions?type=minutes&habitId=4&date=2026-04-28 => [200] OK
[GET] http://localhost:5173/api/sessions?type=has&habitId=3&date=2026-04-28 => [200] OK
[GET] http://localhost:5173/api/sessions?type=minutes&habitId=2&date=2026-04-28 => [200] OK
[GET] http://localhost:5173/api/sessions?type=value&habitId=5&date=2026-04-29 => [200] OK
[GET] http://localhost:5173/api/sessions?type=minutes&habitId=1&date=2026-04-28 => [200] OK
[GET] http://localhost:5173/api/sessions?type=minutes&habitId=4&date=2026-04-29 => [200] OK
[GET] http://localhost:5173/api/sessions?type=has&habitId=3&date=2026-04-29 => [200] OK
[GET] http://localhost:5173/api/sessions?type=minutes&habitId=2&date=2026-04-29 => [200] OK
[GET] http://localhost:5173/api/sessions?type=value&habitId=5&date=2026-04-30 => [200] OK
[GET] http://localhost:5173/api/sessions?type=minutes&habitId=1&date=2026-04-29 => [200] OK
[GET] http://localhost:5173/api/sessions?type=minutes&habitId=4&date=2026-04-30 => [200] OK
[GET] http://localhost:5173/api/sessions?type=minutes&habitId=2&date=2026-04-30 => [200] OK
[GET] http://localhost:5173/api/sessions?type=has&habitId=3&date=2026-04-30 => [200] OK
[GET] http://localhost:5173/api/sessions?type=value&habitId=5&date=2026-05-01 => [200] OK
[GET] http://localhost:5173/api/sessions?type=minutes&habitId=1&date=2026-04-30 => [200] OK
[GET] http://localhost:5173/api/sessions?type=minutes&habitId=4&date=2026-05-01 => [200] OK
[GET] http://localhost:5173/api/sessions?type=minutes&habitId=2&date=2026-05-01 => [200] OK
[GET] http://localhost:5173/api/sessions?type=has&habitId=3&date=2026-05-01 => [200] OK
[GET] http://localhost:5173/api/sessions?type=value&habitId=5&date=2026-05-02 => [200] OK
[GET] http://localhost:5173/api/sessions?type=minutes&habitId=1&date=2026-05-01 => [200] OK
[GET] http://localhost:5173/api/sessions?type=minutes&habitId=4&date=2026-05-02 => [200] OK
[GET] http://localhost:5173/api/sessions?type=minutes&habitId=2&date=2026-05-02 => [200] OK
[GET] http://localhost:5173/api/sessions?type=has&habitId=3&date=2026-05-02 => [200] OK
[GET] http://localhost:5173/api/sessions?type=value&habitId=5&date=2026-05-03 => [200] OK
[GET] http://localhost:5173/api/sessions?type=minutes&habitId=1&date=2026-05-02 => [200] OK
[GET] http://localhost:5173/api/sessions?type=minutes&habitId=4&date=2026-05-03 => [200] OK
[GET] http://localhost:5173/api/sessions?type=minutes&habitId=2&date=2026-05-03 => [200] OK
[GET] http://localhost:5173/api/sessions?type=has&habitId=3&date=2026-05-03 => [200] OK
[GET] http://localhost:5173/api/sessions?type=minutes&habitId=1&date=2026-05-03 => [200] OK
[GET] http://localhost:5173/favicon.png => [404] Not Found